<?xml version="1.0" encoding="UTF-8"?>
<!-- Generated by org.testng.reporters.JUnitXMLReporter -->
<testsuite ignored="0" hostname="DESKTOP-6RMM1L4" failures="0" tests="2" name="Default test(failed)" time="0.15" errors="0" timestamp="2023-06-25T00:57:46 IST">
  <testcase classname="TestCases.Generatelogs" name="@BeforeMethod SetUp" time="0.06">
    <failure type="java.lang.IllegalStateException" message="The driver executable must exist: C:\Users\lenovo\git\TestNg\TestNGLogics\drivers\chromedriver.exe">
      <![CDATA[java.lang.IllegalStateException: The driver executable must exist: C:\Users\lenovo\git\TestNg\TestNGLogics\drivers\chromedriver.exe
at org.openqa.selenium.internal.Require$FileStateChecker.isFile(Require.java:315)
at org.openqa.selenium.remote.service.DriverService.checkExecutable(DriverService.java:144)
at org.openqa.selenium.remote.service.DriverService.findExecutable(DriverService.java:139)
at org.openqa.selenium.chrome.ChromeDriverService.access$000(ChromeDriverService.java:38)
at org.openqa.selenium.chrome.ChromeDriverService$Builder.findDefaultExecutable(ChromeDriverService.java:231)
at org.openqa.selenium.remote.service.DriverService$Builder.build(DriverService.java:434)
at org.openqa.selenium.chrome.ChromeDriverService.createDefaultService(ChromeDriverService.java:127)
at org.openqa.selenium.chrome.ChromeDriver.<init>(ChromeDriver.java:46)
at TestCases.Generatelogs.SetUp(Generatelogs.java:29)
at java.base/java.util.ArrayList.forEach(ArrayList.java:1511)
... Removed 31 stack frames]]>
    </failure>
  </testcase> <!-- @BeforeMethod SetUp -->
  <testcase classname="TestCases.Generatelogs" name="@AfterMethod tearDown" time="-1.687634866144E9">
    <skipped/>
  </testcase> <!-- @AfterMethod tearDown -->
  <testcase classname="TestCases.Generatelogs" name="@BeforeMethod SetUp" time="-1.68763486615E9">
    <skipped/>
  </testcase> <!-- @BeforeMethod SetUp -->
  <testcase classname="TestCases.Generatelogs" name="@AfterMethod tearDown" time="-1.687634866162E9">
    <skipped/>
  </testcase> <!-- @AfterMethod tearDown -->
  <testcase classname="TestCases.Generatelogs" name="verifyLogo" time="0.0">
    <skipped/>
  </testcase> <!-- verifyLogo -->
  <testcase classname="TestCases.Generatelogs" name="Verifytitle" time="0.0">
    <skipped/>
  </testcase> <!-- Verifytitle -->
</testsuite> <!-- Default test(failed) -->
